[debug] [2024-02-05T05:53:35.526Z] ----------------------------------------------------------------------
[debug] [2024-02-05T05:53:35.527Z] Command:       C:\Program Files\nodejs\node.exe C:\Users\Shrinivas Hatte\AppData\Roaming\npm\node_modules\firebase-tools\lib\bin\firebase.js init
[debug] [2024-02-05T05:53:35.528Z] CLI Version:   13.1.0
[debug] [2024-02-05T05:53:35.528Z] Platform:      win32
[debug] [2024-02-05T05:53:35.528Z] Node Version:  v20.10.0
[debug] [2024-02-05T05:53:35.528Z] Time:          Mon Feb 05 2024 11:23:35 GMT+0530 (India Standard Time)
[debug] [2024-02-05T05:53:35.528Z] ----------------------------------------------------------------------
[debug] 
[debug] [2024-02-05T05:53:35.530Z] >>> [apiv2][query] GET https://firebase-public.firebaseio.com/cli.json [none]
[debug] [2024-02-05T05:53:35.562Z] > command requires scopes: ["email","openid","https://www.googleapis.com/auth/cloudplatformprojects.readonly","https://www.googleapis.com/auth/firebase","https://www.googleapis.com/auth/cloud-platform"]
[debug] [2024-02-05T05:53:35.563Z] > authorizing via signed-in user (shrijobmail7@gmail.com)
[info] 
     ######## #### ########  ######## ########     ###     ######  ########
     ##        ##  ##     ## ##       ##     ##  ##   ##  ##       ##
     ######    ##  ########  ######   ########  #########  ######  ######
     ##        ##  ##    ##  ##       ##     ## ##     ##       ## ##
     ##       #### ##     ## ######## ########  ##     ##  ######  ########

You're about to initialize a Firebase project in this directory:

  D:\Coding Data\react\todo-list

[info] 
=== Project Setup
[info] 
[info] First, let's associate this project directory with a Firebase project.
[info] You can create multiple project aliases by running firebase use --add, 
[info] but for now we'll just set up a default project.
[info] 
[debug] [2024-02-05T05:53:42.388Z] >>> [apiv2][query] GET https://firebase.googleapis.com/v1beta1/projects pageSize=100
[debug] [2024-02-05T05:53:55.173Z] *** [apiv2] error from fetch(https://firebase.googleapis.com/v1beta1/projects?pageSize=100, {"headers":{},"method":"GET","signal":{}}): FetchError: request to https://firebase.googleapis.com/v1beta1/projects?pageSize=100 failed, reason: socket hang up
[debug] [2024-02-05T05:53:55.174Z] Failed to make request to https://firebase.googleapis.com/v1beta1/projects?pageSize=100
[debug] [2024-02-05T05:53:55.833Z] FirebaseError: Failed to make request to https://firebase.googleapis.com/v1beta1/projects?pageSize=100
    at RetryOperation._fn (C:\Users\Shrinivas Hatte\AppData\Roaming\npm\node_modules\firebase-tools\lib\apiv2.js:246:31)
    at process.processTicksAndRejections (node:internal/process/task_queues:95:5)
[error] 
[error] Error: Failed to list Firebase projects. See firebase-debug.log for more info.
